<?xml version="1.0" encoding="UTF-8"?>
<robot generator="Robot 6.1.1 (Python 3.10.0 on linux)" generated="20231120 11:05:14.377" rpa="false" schemaversion="4">
<suite id="s1" name="Tests" source="/home/helinala/Documents/Yliopisto/ohte/palautusrepositorio/viikko3/login-robot/src/tests">
<suite id="s1-s1" name="Login" source="/home/helinala/Documents/Yliopisto/ohte/palautusrepositorio/viikko3/login-robot/src/tests/login.robot">
<test id="s1-s1-t1" name="Login With Correct Credentials" line="6">
<kw name="Create User And Input Login Command" type="SETUP">
<kw name="Create User" library="AppLibrary">
<arg>kalle</arg>
<arg>kalle123</arg>
<status status="PASS" starttime="20231120 11:05:14.406" endtime="20231120 11:05:14.406"/>
</kw>
<kw name="Input Login Command" library="resource">
<kw name="Input" library="AppLibrary">
<arg>login</arg>
<status status="PASS" starttime="20231120 11:05:14.407" endtime="20231120 11:05:14.407"/>
</kw>
<status status="PASS" starttime="20231120 11:05:14.406" endtime="20231120 11:05:14.407"/>
</kw>
<status status="PASS" starttime="20231120 11:05:14.406" endtime="20231120 11:05:14.407"/>
</kw>
<kw name="Input Credentials" library="resource">
<arg>kalle</arg>
<arg>kalle123</arg>
<kw name="Input" library="AppLibrary">
<arg>${username}</arg>
<status status="PASS" starttime="20231120 11:05:14.407" endtime="20231120 11:05:14.408"/>
</kw>
<kw name="Input" library="AppLibrary">
<arg>${password}</arg>
<status status="PASS" starttime="20231120 11:05:14.408" endtime="20231120 11:05:14.408"/>
</kw>
<kw name="Run Application" library="AppLibrary">
<status status="PASS" starttime="20231120 11:05:14.408" endtime="20231120 11:05:14.408"/>
</kw>
<status status="PASS" starttime="20231120 11:05:14.407" endtime="20231120 11:05:14.408"/>
</kw>
<kw name="Output Should Contain" library="AppLibrary">
<arg>Logged in</arg>
<status status="PASS" starttime="20231120 11:05:14.408" endtime="20231120 11:05:14.408"/>
</kw>
<status status="PASS" starttime="20231120 11:05:14.405" endtime="20231120 11:05:14.409"/>
</test>
<test id="s1-s1-t2" name="Login With Incorrect Password" line="10">
<kw name="Create User And Input Login Command" type="SETUP">
<kw name="Create User" library="AppLibrary">
<arg>kalle</arg>
<arg>kalle123</arg>
<status status="PASS" starttime="20231120 11:05:14.410" endtime="20231120 11:05:14.410"/>
</kw>
<kw name="Input Login Command" library="resource">
<kw name="Input" library="AppLibrary">
<arg>login</arg>
<status status="PASS" starttime="20231120 11:05:14.410" endtime="20231120 11:05:14.410"/>
</kw>
<status status="PASS" starttime="20231120 11:05:14.410" endtime="20231120 11:05:14.410"/>
</kw>
<status status="PASS" starttime="20231120 11:05:14.409" endtime="20231120 11:05:14.410"/>
</kw>
<kw name="Input Credentials" library="resource">
<arg>kalle</arg>
<arg>vaara</arg>
<kw name="Input" library="AppLibrary">
<arg>${username}</arg>
<status status="PASS" starttime="20231120 11:05:14.411" endtime="20231120 11:05:14.411"/>
</kw>
<kw name="Input" library="AppLibrary">
<arg>${password}</arg>
<status status="PASS" starttime="20231120 11:05:14.411" endtime="20231120 11:05:14.411"/>
</kw>
<kw name="Run Application" library="AppLibrary">
<status status="PASS" starttime="20231120 11:05:14.411" endtime="20231120 11:05:14.411"/>
</kw>
<status status="PASS" starttime="20231120 11:05:14.410" endtime="20231120 11:05:14.411"/>
</kw>
<kw name="Output Should Contain" library="AppLibrary">
<arg>Invalid username or password</arg>
<status status="PASS" starttime="20231120 11:05:14.411" endtime="20231120 11:05:14.411"/>
</kw>
<status status="PASS" starttime="20231120 11:05:14.409" endtime="20231120 11:05:14.412"/>
</test>
<test id="s1-s1-t3" name="Login With Nonexistent Username" line="14">
<kw name="Create User And Input Login Command" type="SETUP">
<kw name="Create User" library="AppLibrary">
<arg>kalle</arg>
<arg>kalle123</arg>
<status status="PASS" starttime="20231120 11:05:14.413" endtime="20231120 11:05:14.413"/>
</kw>
<kw name="Input Login Command" library="resource">
<kw name="Input" library="AppLibrary">
<arg>login</arg>
<status status="PASS" starttime="20231120 11:05:14.413" endtime="20231120 11:05:14.413"/>
</kw>
<status status="PASS" starttime="20231120 11:05:14.413" endtime="20231120 11:05:14.414"/>
</kw>
<status status="PASS" starttime="20231120 11:05:14.412" endtime="20231120 11:05:14.414"/>
</kw>
<kw name="Input Credentials" library="resource">
<arg>vaara</arg>
<arg>kallle123</arg>
<kw name="Input" library="AppLibrary">
<arg>${username}</arg>
<status status="PASS" starttime="20231120 11:05:14.414" endtime="20231120 11:05:14.414"/>
</kw>
<kw name="Input" library="AppLibrary">
<arg>${password}</arg>
<status status="PASS" starttime="20231120 11:05:14.414" endtime="20231120 11:05:14.415"/>
</kw>
<kw name="Run Application" library="AppLibrary">
<status status="PASS" starttime="20231120 11:05:14.415" endtime="20231120 11:05:14.415"/>
</kw>
<status status="PASS" starttime="20231120 11:05:14.414" endtime="20231120 11:05:14.415"/>
</kw>
<kw name="Output Should Contain" library="AppLibrary">
<arg>Invalid username or password</arg>
<status status="PASS" starttime="20231120 11:05:14.415" endtime="20231120 11:05:14.415"/>
</kw>
<status status="PASS" starttime="20231120 11:05:14.412" endtime="20231120 11:05:14.415"/>
</test>
<status status="PASS" starttime="20231120 11:05:14.400" endtime="20231120 11:05:14.416"/>
</suite>
<status status="PASS" starttime="20231120 11:05:14.378" endtime="20231120 11:05:14.416"/>
</suite>
<statistics>
<total>
<stat pass="3" fail="0" skip="0">All Tests</stat>
</total>
<tag>
</tag>
<suite>
<stat pass="3" fail="0" skip="0" id="s1" name="Tests">Tests</stat>
<stat pass="3" fail="0" skip="0" id="s1-s1" name="Login">Tests.Login</stat>
</suite>
</statistics>
<errors>
</errors>
</robot>
